<?xml version="1.0" encoding="UTF-8" ?>

<testsuite failures="0" time="0.115" errors="0" skipped="0" tests="1" name="models.ResultadoTest">
  <testcase classname="models.ResultadoTest" name="testMezclar" time="0.115">
      </testcase>
</testsuite>
